<?xml version="1.0" encoding="utf-8"?>
<coverage line-rate="0.9573999999999999" branch-rate="1" version="1.9" timestamp="1700214652" lines-covered="45" lines-valid="47" branches-covered="12" branches-valid="12">
  <sources>
    <source>C:\Users\liza5\C#\Ooaip\SpaceBattle\</source>
  </sources>
  <packages>
    <package name="SpaceBattle" line-rate="0.9573999999999999" branch-rate="1" complexity="18">
      <classes>
        <class name="_Vector.Vector" filename="Vector.cs" line-rate="0.95" branch-rate="1" complexity="16">
          <methods>
            <method name="get_Item" signature="(System.Int32)" line-rate="0" branch-rate="1" complexity="1">
              <lines>
                <line number="9" hits="0" branch="False" />
              </lines>
            </method>
            <method name="set_Item" signature="(System.Int32,System.Int32)" line-rate="0" branch-rate="1" complexity="1">
              <lines>
                <line number="10" hits="0" branch="False" />
              </lines>
            </method>
            <method name="get_Size" signature="()" line-rate="1" branch-rate="1" complexity="1">
              <lines>
                <line number="12" hits="26" branch="False" />
              </lines>
            </method>
            <method name="op_Addition" signature="(_Vector.Vector,_Vector.Vector)" line-rate="1" branch-rate="1" complexity="2">
              <lines>
                <line number="25" hits="3" branch="False" />
                <line number="27" hits="3" branch="True" condition-coverage="100% (2/2)">
                  <conditions>
                    <condition number="20" type="jump" coverage="100%" />
                  </conditions>
                </line>
                <line number="28" hits="1" branch="False" />
                <line number="29" hits="1" branch="False" />
                <line number="32" hits="6" branch="False" />
                <line number="33" hits="2" branch="False" />
              </lines>
            </method>
            <method name="op_Subtraction" signature="(_Vector.Vector,_Vector.Vector)" line-rate="1" branch-rate="1" complexity="2">
              <lines>
                <line number="36" hits="2" branch="False" />
                <line number="37" hits="2" branch="True" condition-coverage="100% (2/2)">
                  <conditions>
                    <condition number="20" type="jump" coverage="100%" />
                  </conditions>
                </line>
                <line number="38" hits="1" branch="False" />
                <line number="39" hits="1" branch="False" />
                <line number="42" hits="3" branch="False" />
                <line number="43" hits="1" branch="False" />
              </lines>
            </method>
            <method name="op_Equality" signature="(_Vector.Vector,_Vector.Vector)" line-rate="1" branch-rate="1" complexity="2">
              <lines>
                <line number="46" hits="5" branch="False" />
                <line number="47" hits="5" branch="True" condition-coverage="100% (2/2)">
                  <conditions>
                    <condition number="20" type="jump" coverage="100%" />
                  </conditions>
                </line>
                <line number="48" hits="1" branch="False" />
                <line number="49" hits="1" branch="False" />
                <line number="52" hits="4" branch="False" />
                <line number="53" hits="4" branch="False" />
              </lines>
            </method>
            <method name="op_Inequality" signature="(_Vector.Vector,_Vector.Vector)" line-rate="1" branch-rate="1" complexity="2">
              <lines>
                <line number="56" hits="3" branch="False" />
                <line number="57" hits="3" branch="True" condition-coverage="100% (2/2)">
                  <conditions>
                    <condition number="20" type="jump" coverage="100%" />
                  </conditions>
                </line>
                <line number="58" hits="1" branch="False" />
                <line number="59" hits="1" branch="False" />
                <line number="62" hits="2" branch="False" />
                <line number="63" hits="2" branch="False" />
              </lines>
            </method>
            <method name="Equals" signature="(System.Object)" line-rate="1" branch-rate="1" complexity="2">
              <lines>
                <line number="65" hits="11" branch="False" />
                <line number="66" hits="11" branch="True" condition-coverage="100% (2/2)">
                  <conditions>
                    <condition number="9" type="jump" coverage="100%" />
                  </conditions>
                </line>
                <line number="67" hits="11" branch="False" />
              </lines>
            </method>
            <method name="GetHashCode" signature="()" line-rate="1" branch-rate="1" complexity="1">
              <lines>
                <line number="69" hits="2" branch="False" />
                <line number="70" hits="2" branch="False" />
                <line number="71" hits="2" branch="False" />
              </lines>
            </method>
            <method name=".ctor" signature="(System.Int32[])" line-rate="1" branch-rate="1" complexity="2">
              <lines>
                <line number="14" hits="39" branch="False" />
                <line number="15" hits="39" branch="False" />
                <line number="16" hits="39" branch="True" condition-coverage="100% (2/2)">
                  <conditions>
                    <condition number="15" type="jump" coverage="100%" />
                  </conditions>
                </line>
                <line number="17" hits="1" branch="False" />
                <line number="18" hits="1" branch="False" />
                <line number="21" hits="38" branch="False" />
                <line number="22" hits="38" branch="False" />
              </lines>
            </method>
          </methods>
          <lines>
            <line number="9" hits="0" branch="False" />
            <line number="10" hits="0" branch="False" />
            <line number="12" hits="26" branch="False" />
            <line number="25" hits="3" branch="False" />
            <line number="27" hits="3" branch="True" condition-coverage="100% (2/2)">
              <conditions>
                <condition number="20" type="jump" coverage="100%" />
              </conditions>
            </line>
            <line number="28" hits="1" branch="False" />
            <line number="29" hits="1" branch="False" />
            <line number="32" hits="6" branch="False" />
            <line number="33" hits="2" branch="False" />
            <line number="36" hits="2" branch="False" />
            <line number="37" hits="2" branch="True" condition-coverage="100% (2/2)">
              <conditions>
                <condition number="20" type="jump" coverage="100%" />
              </conditions>
            </line>
            <line number="38" hits="1" branch="False" />
            <line number="39" hits="1" branch="False" />
            <line number="42" hits="3" branch="False" />
            <line number="43" hits="1" branch="False" />
            <line number="46" hits="5" branch="False" />
            <line number="47" hits="5" branch="True" condition-coverage="100% (2/2)">
              <conditions>
                <condition number="20" type="jump" coverage="100%" />
              </conditions>
            </line>
            <line number="48" hits="1" branch="False" />
            <line number="49" hits="1" branch="False" />
            <line number="52" hits="4" branch="False" />
            <line number="53" hits="4" branch="False" />
            <line number="56" hits="3" branch="False" />
            <line number="57" hits="3" branch="True" condition-coverage="100% (2/2)">
              <conditions>
                <condition number="20" type="jump" coverage="100%" />
              </conditions>
            </line>
            <line number="58" hits="1" branch="False" />
            <line number="59" hits="1" branch="False" />
            <line number="62" hits="2" branch="False" />
            <line number="63" hits="2" branch="False" />
            <line number="65" hits="11" branch="False" />
            <line number="66" hits="11" branch="True" condition-coverage="100% (2/2)">
              <conditions>
                <condition number="9" type="jump" coverage="100%" />
              </conditions>
            </line>
            <line number="67" hits="11" branch="False" />
            <line number="69" hits="2" branch="False" />
            <line number="70" hits="2" branch="False" />
            <line number="71" hits="2" branch="False" />
            <line number="14" hits="39" branch="False" />
            <line number="15" hits="39" branch="False" />
            <line number="16" hits="39" branch="True" condition-coverage="100% (2/2)">
              <conditions>
                <condition number="15" type="jump" coverage="100%" />
              </conditions>
            </line>
            <line number="17" hits="1" branch="False" />
            <line number="18" hits="1" branch="False" />
            <line number="21" hits="38" branch="False" />
            <line number="22" hits="38" branch="False" />
          </lines>
        </class>
        <class name="_SpaceBattle.MoveCommand" filename="MoveCommand.cs" line-rate="1" branch-rate="1" complexity="2">
          <methods>
            <method name="Execute" signature="()" line-rate="1" branch-rate="1" complexity="1">
              <lines>
                <line number="16" hits="4" branch="False" />
                <line number="17" hits="4" branch="False" />
                <line number="18" hits="1" branch="False" />
              </lines>
            </method>
            <method name=".ctor" signature="(_IMovable.IMovable)" line-rate="1" branch-rate="1" complexity="1">
              <lines>
                <line number="10" hits="4" branch="False" />
                <line number="11" hits="4" branch="False" />
                <line number="12" hits="4" branch="False" />
                <line number="13" hits="4" branch="False" />
              </lines>
            </method>
          </methods>
          <lines>
            <line number="16" hits="4" branch="False" />
            <line number="17" hits="4" branch="False" />
            <line number="18" hits="1" branch="False" />
            <line number="10" hits="4" branch="False" />
            <line number="11" hits="4" branch="False" />
            <line number="12" hits="4" branch="False" />
            <line number="13" hits="4" branch="False" />
          </lines>
        </class>
      </classes>
    </package>
  </packages>
</coverage>